<?xml version="1.0" encoding="UTF-8"?>
<testng-results skipped="0" failed="0" ignored="0" total="1" passed="1">
  <reporter-output>
  </reporter-output>
  <suite name="Default suite" duration-ms="4136" started-at="2019-05-13T09:31:27Z" finished-at="2019-05-13T09:31:32Z">
    <groups>
    </groups>
    <test name="Default test" duration-ms="4136" started-at="2019-05-13T09:31:27Z" finished-at="2019-05-13T09:31:32Z">
      <class name="restAssured.Demo5">
        <test-method status="PASS" signature="getData()[pri:0, instance:restAssured.Demo5@475530b9]" name="getData" is-config="true" duration-ms="11" started-at="2019-05-13T09:31:27Z" finished-at="2019-05-13T09:31:27Z">
          <reporter-output>
          </reporter-output>
        </test-method> <!-- getData -->
        <test-method status="PASS" signature="Test_place()[pri:0, instance:restAssured.Demo5@475530b9]" name="Test_place" duration-ms="4090" started-at="2019-05-13T09:31:27Z" finished-at="2019-05-13T09:31:32Z">
          <reporter-output>
          </reporter-output>
        </test-method> <!-- Test_place -->
      </class> <!-- restAssured.Demo5 -->
    </test> <!-- Default test -->
  </suite> <!-- Default suite -->
</testng-results>
